<?xml version="1.0" encoding="UTF-8"?>
<testng-results ignored="0" total="1" passed="1" failed="0" skipped="0">
  <reporter-output>
  </reporter-output>
  <suite started-at="2021-12-07T18:38:51 IST" name="Default suite" finished-at="2021-12-07T18:38:54 IST" duration-ms="3565">
    <groups>
    </groups>
    <test started-at="2021-12-07T18:38:51 IST" name="Default test" finished-at="2021-12-07T18:38:54 IST" duration-ms="3565">
      <class name="com.maheshrestassured.Basics1">
        <test-method signature="POST_PUT_GET()[pri:0, instance:com.maheshrestassured.Basics1@342c38f8]" started-at="2021-12-07T18:38:51 IST" name="POST_PUT_GET" finished-at="2021-12-07T18:38:54 IST" duration-ms="3537" status="PASS">
          <reporter-output>
          </reporter-output>
        </test-method> <!-- POST_PUT_GET -->
      </class> <!-- com.maheshrestassured.Basics1 -->
    </test> <!-- Default test -->
  </suite> <!-- Default suite -->
</testng-results>
